<?xml version="1.0" encoding="UTF-8"?>
<!-- Generated by org.testng.reporters.JUnitXMLReporter -->
<testsuite ignored="0" hostname="DESKTOP-L26CMPH" failures="1" tests="1" name="Test(failed)" time="22.163" errors="0" timestamp="2024-09-18T12:26:06 IST">
  <testcase classname="testCases.TC002_LoginTest" name="login_logout" time="13.075">
    <failure type="java.lang.AssertionError" message=" Login Failed expected [true] but found [false]">
      <![CDATA[java.lang.AssertionError:  Login Failed expected [true] but found [false]
at testCases.TC002_LoginTest.login_logout(TC002_LoginTest.java:31)
at java.base/java.util.ArrayList.forEach(ArrayList.java:1597)
... Removed 31 stack frames]]>
    </failure>
  </testcase> <!-- login_logout -->
</testsuite> <!-- Test(failed) -->
